00008300                                     1  			ORG		$8300				*area main
00008300                                     2  MAIN
00008300  =00002002                          3  USARTP		EQU		$2002				*usart pari
00008300  =00002003                          4  USARTD		EQU		$2003				*usart dispari
00008300  =00002004                          5  PIADA			EQU		$2004
00008300  =00002005                          6  PIACA			EQU		$2005
00008300  =00002006                          7  PIADB			EQU		$2006
00008300  =00002007                          8  PIACB			EQU		$2007
00008300  4EB9 00008310                      9  			JSR		INIT
00008306  40C0                              10  			MOVE.W	SR,D0
00008308  0240 D8FF                         11  			ANDI.W	#$D8FF,D0			*smaschera interrupt
0000830C  46C0                              12  			MOVE.W	D0,SR
0000830E  60FE                              13  LOOP			BRA		LOOP
00008310                                    14  
00008310  11FC 0000 2005                    15  INIT			MOVE.B	#0,PIACA
00008316  11FC 0000 2004                    16  			MOVE.B	#$00,PIADA			*inizializza PIA porto A
0000831C  11FC 0025 2005                    17  			MOVE.B	#%00100101,PIACA
00008322                                    18  									*inizializzazione usart
00008322  11FC 005D 2003                    19  			MOVE.B	#%01011101,USARTD		*modo usart
00008328  11FC 0036 2003                    20  			MOVE.B	#%00110110,USARTD		*controllo usart
0000832E  4E75                              21  			RTS
00008330                                    22  
00008330                                    23  *ISR PER INTERRUPT LIVELLO 3 LEGATA ALLA RICEZIONE SULLA USART, AUTOVETTORE 27 = ((24 + 3)*4). 
00008330                                    24  *IN ROM A $6C, PUNTA AD INDIRIZZO $8700
00008700                                    25  			ORG		$8700
00008700  4A39 00008002                     26  INT3			TST.B		NCRA				*se non ha ricevuto neanche un carattere controlla il FLAG_T, altrimenti
00008706  6600 000A                         27  			BNE		PROS				*è in ricezione e deve terminare la ricezione dell'intero messaggio
0000870A  4EB9 0000871A                     28  			JSR		CHECK0
00008710  4E73                              29  			RTE
00008712  4EB9 00008766                     30  PROS			JSR		USART_RIC
00008718  4E73                              31  			RTE
0000871A                                    32  
0000871A                                    33  
0000871A  4AF9 00008001                     34  CHECK0		TAS		SEM
00008720  6700 000C                         35  			BEQ		CONTIN
00008724  13FC 0001 00008004                36  			MOVE.B	#1,ATT_A_0
0000872C  4E75                              37  			RTS
0000872E  4A39 00008000                     38  CONTIN		TST.B		FLAG_T
00008734  6700 0012                         39  			BEQ		PROS0
00008738  4EB9 00008758                     40  			JSR		DISABILITA
0000873E  13FC 0000 00008001                41  			MOVE.B	#0,SEM
00008746  4E75                              42  			RTS
00008748  13FC 0000 00008001                43  PROS0			MOVE.B	#0,SEM
00008750  4EB9 00008766                     44  			JSR		USART_RIC
00008756  4E75                              45  			RTS
00008758                                    46  
00008758  11FC 0024 2005                    47  DISABILITA		MOVE.B	#%00100100,PIACA		*disabilita le interrupt pia
0000875E  11FC 00FF 2003                    48  			MOVE.B	#$FF,USARTD			*disabilita USART
00008764  4E75                              49  			RTS
00008766                                    50  
00008766  48E7 FCFC                         51  USART_RIC		MOVEM.L	D0-D5/A0-A5,-(A7)		*salva registri che "sporca"
0000876A  207C 00002002                     52  			MOVEA.L	#USARTP,A0
00008770                                    53  
00008770  1628 0001                         54  			MOVE.B	1(A0),D3			*controlla se si è verificato qualche errore e in caso affermativo ripristina
00008774  0203 0038                         55  			ANDI.B		#$38,D3			*i flag di errore dal registro di stato
00008778  6700 0008                         56  			BEQ		NOERR
0000877C  117C 0037 0001                    57  			MOVE.B	#$37,1(A0)
00008782  1010                              58  NOERR		MOVE.B	(A0),D0				*il carattere è ricevuto ma non lo memorizza
00008784                                    59  
00008784  1239 00008002                     60  			MOVE.B	NCRA,D1
0000878A  5201                              61  			ADDI.B		#1,D1	
0000878C  13C1 00008002                     62  			MOVE.B	D1,NCRA
00008792  B23C 0004                         63  			CMP.B		#N,D1
00008796  6600 004C                         64  			BNE		ALTRIM
0000879A  B03C 0000                         65  			CMP.B		#0,D0
0000879E  6600 000E                         66  			BNE		AVANTI2
000087A2  4CDF 3F3F                         67  			MOVEM.L	(A7)+,D0-D5/A0-A5
000087A6  4EB9 00008758                     68  			JSR		DISABILITA
000087AC  4E75                              69  			RTS
000087AE  1439 00008007                     70  AVANTI2		MOVE.B	NMRA,D2
000087B4  5202                              71  			ADDI.B		#1,D2
000087B6  13C2 00008007                     72  			MOVE.B	D2,NMRA
000087BC  B43C 0003                         73  			CMP.B		#M,D2
000087C0  6600 000E                         74  			BNE		ALTR2
000087C4  4CDF 3F3F                         75  			MOVEM.L	(A7)+,D0-D5/A0-A5
000087C8  4EB9 00008758                     76  			JSR		DISABILITA
000087CE  4E75                              77  			RTS
000087D0  13FC 0000 00008002                78  ALTR2			MOVE.B	#0,NCRA			*azzera il numero di caratteri ricevuti da A
000087D8  4CDF 3F3F                         79  			MOVEM.L	(A7)+,D0-D5/A0-A5
000087DC  4EB9 000087FC                     80  			JSR		CHECK1
000087E2  4E75                              81  			RTS
000087E4  4CDF 3F3F                         82  ALTRIM		MOVEM.L	(A7)+,D0-D5/A0-A5
000087E8  4AF9 00008001                     83  			TAS		SEM
000087EE  6700 0004                         84  			BEQ		GOON
000087F2  4E75                              85  			RTS
000087F4  4EB9 0000882A                     86  GOON			JSR		CHECKC
000087FA  4E75                              87  			RTS
000087FC                                    88  
000087FC  4AF9 00008001                     89  CHECK1		TAS		SEM
00008802  6700 000C                         90  			BEQ		CNTN
00008806  13FC 0000 00008005                91  			MOVE.B	#0,ATT_A_1
0000880E  4E75                              92  			RTS
00008810  4A39 00008000                     93  CNTN			TST.B		FLAG_T
00008816  6700 000A                         94  			BEQ		PROS2
0000881A  4EB9 00008758                     95  			JSR		DISABILITA
00008820  4E75                              96  			RTS
00008822  4EB9 0000882A                     97  PROS2			JSR		CHECKC
00008828  4E75                              98  			RTS
0000882A                                    99  
0000882A  4A39 00008006                    100  CHECKC		TST.B		ATT_C
00008830  6700 001A                        101  			BEQ		TERMINA
00008834                                   102  SVEGC									*C è in attesa è viene svegliato
00008834  13FC 0000 00008006               103  			MOVE.B	#0,ATT_C
0000883C  13FC 0000 00008001               104  			MOVE.B	#0,SEM
00008844  4EB9 0000892E                    105  			JSR		SET_FLAG
0000884A  4E75                             106  			RTS
0000884C  13FC 0000 00008001               107  TERMINA		MOVE.B	#0,SEM
00008854  4E75                             108  			RTS
00008856                                   109  
00008856                                   110  
00008856                                   111  *ISR PER INTERRUPT LIVELLO 4 LEGATA ALLA RICEZIONE SULLA PIA, AUTOVETTORE 28 = ((24 + 4)*4). 
00008856                                   112  *IN ROM A $70, PUNTA AD INDIRIZZO $8900
00008900                                   113  			ORG		$8900
00008900  48E7 FCFC                        114  INT4			MOVEM.L	D0-D5/A0-A5,-(A7)
00008904  207C 00002004                    115  			MOVEA.L	#PIADA,A0
0000890A  1010                             116  			MOVE.B	(A0),D0				*riceve ma non memorizza
0000890C  1239 00008003                    117  			MOVE.B	NCRC,D1
00008912  5201                             118  			ADDI.B		#1,D1
00008914  13C1 00008003                    119  			MOVE.B	D1,NCRC
0000891A  B23C 0002                        120  			CMP.B		#2,D1
0000891E  6600 0008                        121  			BNE		AT4
00008922  4EB9 0000892E                    122  			JSR		SET_FLAG
00008928  4CDF 3F3F                        123  AT4			MOVEM.L	(A7)+,D0-D5/A0-A5
0000892C  4E73                             124  			RTE
0000892E                                   125  
0000892E  4AF9 00008001                    126  SET_FLAG		TAS		SEM
00008934  6700 000C                        127  			BEQ		CONT4
00008938  13FC 0001 00008006               128  			MOVE.B	#1,ATT_C			*C si mette in attesa
00008940  4E75                             129  			RTS
00008942  13FC 0001 00008000               130  CONT4			MOVE.B	#1,FLAG_T			*mette FLAG_T ad 1
0000894A  4A39 00008004                    131  			TST.B		ATT_A_0
00008950  6600 0016                        132  			BNE		WKUP0
00008954  4A39 00008005                    133  			TST.B		ATT_A_1
0000895A  6600 0024                        134  			BNE		WKUP1
0000895E  13FC 0000 00008001               135  			MOVE.B	#0,SEM
00008966  4E75                             136  			RTS
00008968  13FC 0000 00008004               137  WKUP0		MOVE.B	#0,ATT_A_0
00008970  13FC 0000 00008001               138  			MOVE.B	#0,SEM
00008978  4EB9 0000871A                    139  			JSR		CHECK0
0000897E  4E75                             140  			RTS
00008980                                   141  
00008980  13FC 0000 00008005               142  WKUP1		MOVE.B	#0,ATT_A_1
00008988  13FC 0000 00008001               143  			MOVE.B	#0,SEM
00008990  4EB9 000087FC                    144  			JSR		CHECK1
00008996  4E75                             145  			RTS
00008998                                   146  
00008000                                   147  			ORG		$8000				*area dati
00008000  =00000003                        148  M			EQU		3				*numero messaggi
00008000  =00000004                        149  N			EQU		4				*lunghezza mmessaggio
00008000  00                               150  FLAG_T		DC.B		0				*flag termina
00008001  00                               151  SEM			DC.B		0
00008002  00                               152  NCRA			DC.B		0				*numero di caratteri ricevuti da A
00008003  00                               153  NCRC			DC.B		0				*numeri di caratteri ricevuti da C
00008004  00                               154  ATT_A_0		DC.B		0
00008005  00                               155  ATT_A_1		DC.B		0
00008006  00                               156  ATT_C			DC.B		0
00008007  00                               157  NMRA			DC.B		0				*numero di messaggi ricevuti da A
00008008                                   158  			END		MAIN

No errors detected
No warnings generated
